Traceback (most recent call last):
  File "convertOutput.py", line 129, in <module>
    for e in pygame.event.get():
pygame.error: video system not initialized
x	x
o	x
o	o
o	x
x	o
x	o
x	x
o	x
o	o
You are at the beginning of the document!
x	x
o	x
o	o
You are at the beginning of the document!
x	x
o	x
o	o
o	x
x	o
x	o
x	o
o	o
o	o
x	x
o	x
o	o
x	x
x	x
x	o
x	o
o	o
o	o
x	o
o	o
o	o
o	x
x	x
o	x
x	x
o	x
o	o
x	o
o	o
o	o
x	x
o	x
o	o
o	x
x	x
o	x
x	o
o	o
o	o
x	x
x	x
x	o
x	x
o	x
o	o
x	x
x	x
x	o
x	o
o	o
o	o
o	x
x	x
o	x
x	o
o	o
o	o
x	x
x	x
x	o
x	x
o	x
o	o
x	x
x	x
x	o
x	o
o	o
o	o
o	x
x	x
o	x
x	x
o	x
o	o
o	x
x	x
o	x
x	o
o	o
o	o
x	x
x	x
x	o
x	x
o	x
o	o
x	o
o	o
o	o
x	x
o	x
o	o
x	x
x	x
x	o
x	o
o	o
o	o
o	x
x	x
o	x
x	o
o	o
o	o
x	x
x	x
x	o
x	x
o	x
o	o
x	o
o	o
o	o
x	x
o	x
o	o
x	x
x	x
x	o
x	o
o	o
o	o
o	x
x	x
o	x
x	x
o	x
o	o
o	x
x	x
o	x
x	o
o	o
o	o
x	x
x	x
x	o
x	x
o	x
o	o
x	o
o	o
o	o
x	x
o	x
o	o
x	x
x	x
x	o
x	o
o	o
o	o
o	x
x	x
o	x
x	o
o	o
o	o
x	x
x	x
x	o
x	x
o	x
o	o
x	o
o	o
o	o
x	x
o	x
o	o
x	x
x	x
x	o
x	o
o	o
o	o
o	x
x	x
o	x
x	o
o	o
o	o
x	x
x	x
x	o
x	x
o	x
o	o
x	o
o	o
o	o
o	x
x	o
x	o
x	o
o	o
o	o
x	x
o	x
o	o
x	x
x	x
x	o
x	o
o	o
o	o
x	x
x	x
x	o
x	x
o	x
o	o
x	o
o	o
o	o
x	x
o	x
o	o
x	x
x	x
x	o
x	o
o	o
o	o
o	x
x	x
o	x
x	x
o	x
o	o
o	x
x	x
o	x
x	o
o	o
o	o
x	x
x	x
x	o
x	x
o	x
o	o
x	o
o	o
o	o
o	x
x	o
x	o
x	o
o	o
o	o
x	x
o	x
o	o
x	x
x	x
x	o
x	o
o	o
o	o
o	x
x	x
o	x
x	o
o	o
o	o
x	x
x	x
x	o
x	x
o	x
o	o
x	o
o	o
o	o
o	x
x	o
x	o
x	o
o	o
o	o
x	x
o	x
o	o
x	x
x	x
x	o
x	o
o	o
o	o
o	x
x	x
o	x
x	o
o	o
o	o
x	x
x	x
x	o
x	x
o	x
o	o
x	o
o	o
o	o
o	x
x	o
x	o
x	o
o	o
o	o
x	x
o	x
o	o
x	x
x	x
x	o
x	o
o	o
o	o
o	x
x	x
o	x
x	o
o	o
o	o
x	x
x	x
x	o
x	x
o	x
o	o
x	o
o	o
o	o
o	x
x	o
x	o
x	o
o	o
o	o
x	x
o	x
o	o
x	x
x	x
x	o
x	o
o	o
o	o
o	x
x	x
o	x
x	o
o	o
o	o
x	x
x	x
x	o
x	x
o	x
o	o
x	o
o	o
o	o
o	x
x	o
x	o
x	x
o	x
o	o
Traceback (most recent call last):
  File "convertOutput.py", line 226, in <module>
    pygame.display.update()
pygame.error: video system not initialized
No protocol specified

(lxterminal:8539): Gtk-WARNING **: cannot open display: :10.0
No protocol specified

(lxterminal:9463): Gtk-WARNING **: cannot open display: :10.0
